2014/02/20 09:21:20 [error] [system.db.CDbCommand] CDbCommand::fetchAll() failed: SQLSTATE[42S02]: Base table or view not found: 1146 Table 'ads_engine_db.user_posts' doesn't exist. The SQL statement executed was: SHOW FULL COLUMNS FROM `user_posts`.
in C:\xampp\htdocs\mads\public_html\admin\protected\controllers\SiteController.php (12)
in C:\xampp\htdocs\mads\public_html\admin\index.php (14)
2014/02/20 09:21:20 [error] [exception.CDbException] exception 'CDbException' with message 'The table "user_posts" for active record class "UserPosts" cannot be found in the database.' in C:\xampp\htdocs\mads\yii\framework\db\ar\CActiveRecord.php:2362
Stack trace:
#0 C:\xampp\htdocs\mads\yii\framework\db\ar\CActiveRecord.php(411): CActiveRecordMetaData->__construct(Object(UserPosts))
#1 C:\xampp\htdocs\mads\yii\framework\db\ar\CActiveRecord.php(79): CActiveRecord->getMetaData()
#2 C:\xampp\htdocs\mads\public_html\admin\protected\controllers\SiteController.php(12): CActiveRecord->__construct()
#3 C:\xampp\htdocs\mads\yii\framework\web\actions\CInlineAction.php(49): SiteController->actionIndex()
#4 C:\xampp\htdocs\mads\yii\framework\web\CController.php(308): CInlineAction->runWithParams(Array)
#5 C:\xampp\htdocs\mads\yii\framework\web\filters\CFilterChain.php(133): CController->runAction(Object(CInlineAction))
#6 C:\xampp\htdocs\mads\yii\framework\web\filters\CFilter.php(40): CFilterChain->run()
#7 C:\xampp\htdocs\mads\yii\framework\web\CController.php(1145): CFilter->filter(Object(CFilterChain))
#8 C:\xampp\htdocs\mads\yii\framework\web\filters\CInlineFilter.php(58): CController->filterAccessControl(Object(CFilterChain))
#9 C:\xampp\htdocs\mads\yii\framework\web\filters\CFilterChain.php(130): CInlineFilter->filter(Object(CFilterChain))
#10 C:\xampp\htdocs\mads\yii\framework\web\CController.php(291): CFilterChain->run()
#11 C:\xampp\htdocs\mads\yii\framework\web\CController.php(265): CController->runActionWithFilters(Object(CInlineAction), Array)
#12 C:\xampp\htdocs\mads\yii\framework\web\CWebApplication.php(282): CController->run('')
#13 C:\xampp\htdocs\mads\yii\framework\web\CWebApplication.php(141): CWebApplication->runController('')
#14 C:\xampp\htdocs\mads\yii\framework\base\CApplication.php(180): CWebApplication->processRequest()
#15 C:\xampp\htdocs\mads\public_html\admin\index.php(14): CApplication->run()
#16 {main}
REQUEST_URI=/admin/
---
2014/02/20 09:22:48 [error] [system.db.CDbCommand] CDbCommand::fetchAll() failed: SQLSTATE[42S02]: Base table or view not found: 1146 Table 'ads_engine_db.user_posts' doesn't exist. The SQL statement executed was: SHOW FULL COLUMNS FROM `user_posts`.
in C:\xampp\htdocs\mads\public_html\admin\protected\controllers\SiteController.php (12)
in C:\xampp\htdocs\mads\public_html\admin\index.php (14)
2014/02/20 09:22:48 [error] [exception.CDbException] exception 'CDbException' with message 'The table "user_posts" for active record class "UserPosts" cannot be found in the database.' in C:\xampp\htdocs\mads\yii\framework\db\ar\CActiveRecord.php:2362
Stack trace:
#0 C:\xampp\htdocs\mads\yii\framework\db\ar\CActiveRecord.php(411): CActiveRecordMetaData->__construct(Object(UserPosts))
#1 C:\xampp\htdocs\mads\yii\framework\db\ar\CActiveRecord.php(79): CActiveRecord->getMetaData()
#2 C:\xampp\htdocs\mads\public_html\admin\protected\controllers\SiteController.php(12): CActiveRecord->__construct()
#3 C:\xampp\htdocs\mads\yii\framework\web\actions\CInlineAction.php(49): SiteController->actionIndex()
#4 C:\xampp\htdocs\mads\yii\framework\web\CController.php(308): CInlineAction->runWithParams(Array)
#5 C:\xampp\htdocs\mads\yii\framework\web\filters\CFilterChain.php(133): CController->runAction(Object(CInlineAction))
#6 C:\xampp\htdocs\mads\yii\framework\web\filters\CFilter.php(40): CFilterChain->run()
#7 C:\xampp\htdocs\mads\yii\framework\web\CController.php(1145): CFilter->filter(Object(CFilterChain))
#8 C:\xampp\htdocs\mads\yii\framework\web\filters\CInlineFilter.php(58): CController->filterAccessControl(Object(CFilterChain))
#9 C:\xampp\htdocs\mads\yii\framework\web\filters\CFilterChain.php(130): CInlineFilter->filter(Object(CFilterChain))
#10 C:\xampp\htdocs\mads\yii\framework\web\CController.php(291): CFilterChain->run()
#11 C:\xampp\htdocs\mads\yii\framework\web\CController.php(265): CController->runActionWithFilters(Object(CInlineAction), Array)
#12 C:\xampp\htdocs\mads\yii\framework\web\CWebApplication.php(282): CController->run('')
#13 C:\xampp\htdocs\mads\yii\framework\web\CWebApplication.php(141): CWebApplication->runController('')
#14 C:\xampp\htdocs\mads\yii\framework\base\CApplication.php(180): CWebApplication->processRequest()
#15 C:\xampp\htdocs\mads\public_html\admin\index.php(14): CApplication->run()
#16 {main}
REQUEST_URI=/admin/
---
2014/02/20 09:24:05 [error] [system.db.CDbCommand] CDbCommand::fetchAll() failed: SQLSTATE[42S02]: Base table or view not found: 1146 Table 'ads_engine_db.user_posts' doesn't exist. The SQL statement executed was: SHOW FULL COLUMNS FROM `user_posts`.
in C:\xampp\htdocs\mads\public_html\admin\protected\controllers\SiteController.php (12)
in C:\xampp\htdocs\mads\public_html\admin\index.php (14)
2014/02/20 09:24:05 [error] [exception.CDbException] exception 'CDbException' with message 'The table "user_posts" for active record class "UserPosts" cannot be found in the database.' in C:\xampp\htdocs\mads\yii\framework\db\ar\CActiveRecord.php:2362
Stack trace:
#0 C:\xampp\htdocs\mads\yii\framework\db\ar\CActiveRecord.php(411): CActiveRecordMetaData->__construct(Object(UserPosts))
#1 C:\xampp\htdocs\mads\yii\framework\db\ar\CActiveRecord.php(79): CActiveRecord->getMetaData()
#2 C:\xampp\htdocs\mads\public_html\admin\protected\controllers\SiteController.php(12): CActiveRecord->__construct()
#3 C:\xampp\htdocs\mads\yii\framework\web\actions\CInlineAction.php(49): SiteController->actionIndex()
#4 C:\xampp\htdocs\mads\yii\framework\web\CController.php(308): CInlineAction->runWithParams(Array)
#5 C:\xampp\htdocs\mads\yii\framework\web\filters\CFilterChain.php(133): CController->runAction(Object(CInlineAction))
#6 C:\xampp\htdocs\mads\yii\framework\web\filters\CFilter.php(40): CFilterChain->run()
#7 C:\xampp\htdocs\mads\yii\framework\web\CController.php(1145): CFilter->filter(Object(CFilterChain))
#8 C:\xampp\htdocs\mads\yii\framework\web\filters\CInlineFilter.php(58): CController->filterAccessControl(Object(CFilterChain))
#9 C:\xampp\htdocs\mads\yii\framework\web\filters\CFilterChain.php(130): CInlineFilter->filter(Object(CFilterChain))
#10 C:\xampp\htdocs\mads\yii\framework\web\CController.php(291): CFilterChain->run()
#11 C:\xampp\htdocs\mads\yii\framework\web\CController.php(265): CController->runActionWithFilters(Object(CInlineAction), Array)
#12 C:\xampp\htdocs\mads\yii\framework\web\CWebApplication.php(282): CController->run('')
#13 C:\xampp\htdocs\mads\yii\framework\web\CWebApplication.php(141): CWebApplication->runController('')
#14 C:\xampp\htdocs\mads\yii\framework\base\CApplication.php(180): CWebApplication->processRequest()
#15 C:\xampp\htdocs\mads\public_html\admin\index.php(14): CApplication->run()
#16 {main}
REQUEST_URI=/admin/
---
2014/02/20 09:25:11 [error] [php] include(User_Posts.php): failed to open stream: No such file or directory (C:\xampp\htdocs\mads\yii\framework\YiiBase.php:427)
Stack trace:
#0 C:\xampp\htdocs\mads\public_html\admin\protected\controllers\SiteController.php(12): spl_autoload_call()
#1 C:\xampp\htdocs\mads\yii\framework\web\actions\CInlineAction.php(49): SiteController->actionIndex()
#2 C:\xampp\htdocs\mads\yii\framework\web\CController.php(308): CInlineAction->runWithParams()
#3 C:\xampp\htdocs\mads\yii\framework\web\filters\CFilterChain.php(133): SiteController->runAction()
#4 C:\xampp\htdocs\mads\yii\framework\web\filters\CFilter.php(40): CFilterChain->run()
#5 C:\xampp\htdocs\mads\yii\framework\web\CController.php(1145): CAccessControlFilter->filter()
#6 C:\xampp\htdocs\mads\yii\framework\web\filters\CInlineFilter.php(58): SiteController->filterAccessControl()
#7 C:\xampp\htdocs\mads\yii\framework\web\filters\CFilterChain.php(130): CInlineFilter->filter()
#8 C:\xampp\htdocs\mads\yii\framework\web\CController.php(291): CFilterChain->run()
#9 C:\xampp\htdocs\mads\yii\framework\web\CController.php(265): SiteController->runActionWithFilters()
#10 C:\xampp\htdocs\mads\yii\framework\web\CWebApplication.php(282): SiteController->run()
#11 C:\xampp\htdocs\mads\yii\framework\web\CWebApplication.php(141): CWebApplication->runController()
#12 C:\xampp\htdocs\mads\yii\framework\base\CApplication.php(180): CWebApplication->processRequest()
#13 C:\xampp\htdocs\mads\public_html\admin\index.php(14): CWebApplication->run()
REQUEST_URI=/admin/
in C:\xampp\htdocs\mads\public_html\admin\protected\controllers\SiteController.php (12)
in C:\xampp\htdocs\mads\public_html\admin\index.php (14)
2014/02/20 09:26:40 [error] [php] include(User_Posts.php): failed to open stream: No such file or directory (C:\xampp\htdocs\mads\yii\framework\YiiBase.php:427)
Stack trace:
#0 C:\xampp\htdocs\mads\public_html\admin\protected\controllers\SiteController.php(12): spl_autoload_call()
#1 C:\xampp\htdocs\mads\yii\framework\web\actions\CInlineAction.php(49): SiteController->actionIndex()
#2 C:\xampp\htdocs\mads\yii\framework\web\CController.php(308): CInlineAction->runWithParams()
#3 C:\xampp\htdocs\mads\yii\framework\web\filters\CFilterChain.php(133): SiteController->runAction()
#4 C:\xampp\htdocs\mads\yii\framework\web\filters\CFilter.php(40): CFilterChain->run()
#5 C:\xampp\htdocs\mads\yii\framework\web\CController.php(1145): CAccessControlFilter->filter()
#6 C:\xampp\htdocs\mads\yii\framework\web\filters\CInlineFilter.php(58): SiteController->filterAccessControl()
#7 C:\xampp\htdocs\mads\yii\framework\web\filters\CFilterChain.php(130): CInlineFilter->filter()
#8 C:\xampp\htdocs\mads\yii\framework\web\CController.php(291): CFilterChain->run()
#9 C:\xampp\htdocs\mads\yii\framework\web\CController.php(265): SiteController->runActionWithFilters()
#10 C:\xampp\htdocs\mads\yii\framework\web\CWebApplication.php(282): SiteController->run()
#11 C:\xampp\htdocs\mads\yii\framework\web\CWebApplication.php(141): CWebApplication->runController()
#12 C:\xampp\htdocs\mads\yii\framework\base\CApplication.php(180): CWebApplication->processRequest()
#13 C:\xampp\htdocs\mads\public_html\admin\index.php(14): CWebApplication->run()
REQUEST_URI=/admin/
in C:\xampp\htdocs\mads\public_html\admin\protected\controllers\SiteController.php (12)
in C:\xampp\htdocs\mads\public_html\admin\index.php (14)
2014/02/20 09:27:50 [error] [system.db.CDbCommand] CDbCommand::fetchAll() failed: SQLSTATE[42S02]: Base table or view not found: 1146 Table 'ads_engine_db.user_posts' doesn't exist. The SQL statement executed was: SHOW FULL COLUMNS FROM `user_posts`.
in C:\xampp\htdocs\mads\public_html\admin\protected\controllers\SiteController.php (12)
in C:\xampp\htdocs\mads\public_html\admin\index.php (14)
2014/02/20 09:27:50 [error] [exception.CDbException] exception 'CDbException' with message 'The table "user_posts" for active record class "UserPosts" cannot be found in the database.' in C:\xampp\htdocs\mads\yii\framework\db\ar\CActiveRecord.php:2362
Stack trace:
#0 C:\xampp\htdocs\mads\yii\framework\db\ar\CActiveRecord.php(411): CActiveRecordMetaData->__construct(Object(UserPosts))
#1 C:\xampp\htdocs\mads\yii\framework\db\ar\CActiveRecord.php(79): CActiveRecord->getMetaData()
#2 C:\xampp\htdocs\mads\public_html\admin\protected\controllers\SiteController.php(12): CActiveRecord->__construct()
#3 C:\xampp\htdocs\mads\yii\framework\web\actions\CInlineAction.php(49): SiteController->actionIndex()
#4 C:\xampp\htdocs\mads\yii\framework\web\CController.php(308): CInlineAction->runWithParams(Array)
#5 C:\xampp\htdocs\mads\yii\framework\web\filters\CFilterChain.php(133): CController->runAction(Object(CInlineAction))
#6 C:\xampp\htdocs\mads\yii\framework\web\filters\CFilter.php(40): CFilterChain->run()
#7 C:\xampp\htdocs\mads\yii\framework\web\CController.php(1145): CFilter->filter(Object(CFilterChain))
#8 C:\xampp\htdocs\mads\yii\framework\web\filters\CInlineFilter.php(58): CController->filterAccessControl(Object(CFilterChain))
#9 C:\xampp\htdocs\mads\yii\framework\web\filters\CFilterChain.php(130): CInlineFilter->filter(Object(CFilterChain))
#10 C:\xampp\htdocs\mads\yii\framework\web\CController.php(291): CFilterChain->run()
#11 C:\xampp\htdocs\mads\yii\framework\web\CController.php(265): CController->runActionWithFilters(Object(CInlineAction), Array)
#12 C:\xampp\htdocs\mads\yii\framework\web\CWebApplication.php(282): CController->run('')
#13 C:\xampp\htdocs\mads\yii\framework\web\CWebApplication.php(141): CWebApplication->runController('')
#14 C:\xampp\htdocs\mads\yii\framework\base\CApplication.php(180): CWebApplication->processRequest()
#15 C:\xampp\htdocs\mads\public_html\admin\index.php(14): CApplication->run()
#16 {main}
REQUEST_URI=/admin/
---
2014/02/20 09:28:58 [error] [system.db.CDbCommand] CDbCommand::fetchAll() failed: SQLSTATE[42S02]: Base table or view not found: 1146 Table 'ads_engine_db.user_posts' doesn't exist. The SQL statement executed was: SHOW FULL COLUMNS FROM `user_posts`.
in C:\xampp\htdocs\mads\public_html\admin\protected\controllers\SiteController.php (12)
in C:\xampp\htdocs\mads\public_html\admin\index.php (14)
2014/02/20 09:28:58 [error] [exception.CDbException] exception 'CDbException' with message 'The table "user_posts" for active record class "UserPosts" cannot be found in the database.' in C:\xampp\htdocs\mads\yii\framework\db\ar\CActiveRecord.php:2362
Stack trace:
#0 C:\xampp\htdocs\mads\yii\framework\db\ar\CActiveRecord.php(411): CActiveRecordMetaData->__construct(Object(UserPosts))
#1 C:\xampp\htdocs\mads\yii\framework\db\ar\CActiveRecord.php(79): CActiveRecord->getMetaData()
#2 C:\xampp\htdocs\mads\public_html\admin\protected\controllers\SiteController.php(12): CActiveRecord->__construct()
#3 C:\xampp\htdocs\mads\yii\framework\web\actions\CInlineAction.php(49): SiteController->actionIndex()
#4 C:\xampp\htdocs\mads\yii\framework\web\CController.php(308): CInlineAction->runWithParams(Array)
#5 C:\xampp\htdocs\mads\yii\framework\web\filters\CFilterChain.php(133): CController->runAction(Object(CInlineAction))
#6 C:\xampp\htdocs\mads\yii\framework\web\filters\CFilter.php(40): CFilterChain->run()
#7 C:\xampp\htdocs\mads\yii\framework\web\CController.php(1145): CFilter->filter(Object(CFilterChain))
#8 C:\xampp\htdocs\mads\yii\framework\web\filters\CInlineFilter.php(58): CController->filterAccessControl(Object(CFilterChain))
#9 C:\xampp\htdocs\mads\yii\framework\web\filters\CFilterChain.php(130): CInlineFilter->filter(Object(CFilterChain))
#10 C:\xampp\htdocs\mads\yii\framework\web\CController.php(291): CFilterChain->run()
#11 C:\xampp\htdocs\mads\yii\framework\web\CController.php(265): CController->runActionWithFilters(Object(CInlineAction), Array)
#12 C:\xampp\htdocs\mads\yii\framework\web\CWebApplication.php(282): CController->run('')
#13 C:\xampp\htdocs\mads\yii\framework\web\CWebApplication.php(141): CWebApplication->runController('')
#14 C:\xampp\htdocs\mads\yii\framework\base\CApplication.php(180): CWebApplication->processRequest()
#15 C:\xampp\htdocs\mads\public_html\admin\index.php(14): CApplication->run()
#16 {main}
REQUEST_URI=/admin/
---
2014/02/20 09:32:35 [error] [system.db.CDbCommand] CDbCommand::fetchAll() failed: SQLSTATE[42S02]: Base table or view not found: 1146 Table 'ads_engine_db.user_posts' doesn't exist. The SQL statement executed was: SHOW FULL COLUMNS FROM `user_posts`.
in C:\xampp\htdocs\mads\public_html\admin\protected\controllers\SiteController.php (12)
in C:\xampp\htdocs\mads\public_html\admin\index.php (14)
2014/02/20 09:32:35 [error] [exception.CDbException] exception 'CDbException' with message 'The table "user_posts" for active record class "UserPosts" cannot be found in the database.' in C:\xampp\htdocs\mads\yii\framework\db\ar\CActiveRecord.php:2362
Stack trace:
#0 C:\xampp\htdocs\mads\yii\framework\db\ar\CActiveRecord.php(411): CActiveRecordMetaData->__construct(Object(UserPosts))
#1 C:\xampp\htdocs\mads\yii\framework\db\ar\CActiveRecord.php(79): CActiveRecord->getMetaData()
#2 C:\xampp\htdocs\mads\public_html\admin\protected\controllers\SiteController.php(12): CActiveRecord->__construct()
#3 C:\xampp\htdocs\mads\yii\framework\web\actions\CInlineAction.php(49): SiteController->actionIndex()
#4 C:\xampp\htdocs\mads\yii\framework\web\CController.php(308): CInlineAction->runWithParams(Array)
#5 C:\xampp\htdocs\mads\yii\framework\web\filters\CFilterChain.php(133): CController->runAction(Object(CInlineAction))
#6 C:\xampp\htdocs\mads\yii\framework\web\filters\CFilter.php(40): CFilterChain->run()
#7 C:\xampp\htdocs\mads\yii\framework\web\CController.php(1145): CFilter->filter(Object(CFilterChain))
#8 C:\xampp\htdocs\mads\yii\framework\web\filters\CInlineFilter.php(58): CController->filterAccessControl(Object(CFilterChain))
#9 C:\xampp\htdocs\mads\yii\framework\web\filters\CFilterChain.php(130): CInlineFilter->filter(Object(CFilterChain))
#10 C:\xampp\htdocs\mads\yii\framework\web\CController.php(291): CFilterChain->run()
#11 C:\xampp\htdocs\mads\yii\framework\web\CController.php(265): CController->runActionWithFilters(Object(CInlineAction), Array)
#12 C:\xampp\htdocs\mads\yii\framework\web\CWebApplication.php(282): CController->run('')
#13 C:\xampp\htdocs\mads\yii\framework\web\CWebApplication.php(141): CWebApplication->runController('')
#14 C:\xampp\htdocs\mads\yii\framework\base\CApplication.php(180): CWebApplication->processRequest()
#15 C:\xampp\htdocs\mads\public_html\admin\index.php(14): CApplication->run()
#16 {main}
REQUEST_URI=/admin/
---
2014/02/20 09:33:57 [error] [system.db.CDbCommand] CDbCommand::fetchAll() failed: SQLSTATE[42S02]: Base table or view not found: 1146 Table 'ads_engine_db.user_posts' doesn't exist. The SQL statement executed was: SHOW FULL COLUMNS FROM `user_posts`.
in C:\xampp\htdocs\mads\public_html\admin\protected\controllers\SiteController.php (12)
in C:\xampp\htdocs\mads\public_html\admin\index.php (14)
2014/02/20 09:33:57 [error] [exception.CDbException] exception 'CDbException' with message 'The table "user_posts" for active record class "UserPosts" cannot be found in the database.' in C:\xampp\htdocs\mads\yii\framework\db\ar\CActiveRecord.php:2362
Stack trace:
#0 C:\xampp\htdocs\mads\yii\framework\db\ar\CActiveRecord.php(411): CActiveRecordMetaData->__construct(Object(UserPosts))
#1 C:\xampp\htdocs\mads\yii\framework\db\ar\CActiveRecord.php(79): CActiveRecord->getMetaData()
#2 C:\xampp\htdocs\mads\public_html\admin\protected\controllers\SiteController.php(12): CActiveRecord->__construct()
#3 C:\xampp\htdocs\mads\yii\framework\web\actions\CInlineAction.php(49): SiteController->actionIndex()
#4 C:\xampp\htdocs\mads\yii\framework\web\CController.php(308): CInlineAction->runWithParams(Array)
#5 C:\xampp\htdocs\mads\yii\framework\web\filters\CFilterChain.php(133): CController->runAction(Object(CInlineAction))
#6 C:\xampp\htdocs\mads\yii\framework\web\filters\CFilter.php(40): CFilterChain->run()
#7 C:\xampp\htdocs\mads\yii\framework\web\CController.php(1145): CFilter->filter(Object(CFilterChain))
#8 C:\xampp\htdocs\mads\yii\framework\web\filters\CInlineFilter.php(58): CController->filterAccessControl(Object(CFilterChain))
#9 C:\xampp\htdocs\mads\yii\framework\web\filters\CFilterChain.php(130): CInlineFilter->filter(Object(CFilterChain))
#10 C:\xampp\htdocs\mads\yii\framework\web\CController.php(291): CFilterChain->run()
#11 C:\xampp\htdocs\mads\yii\framework\web\CController.php(265): CController->runActionWithFilters(Object(CInlineAction), Array)
#12 C:\xampp\htdocs\mads\yii\framework\web\CWebApplication.php(282): CController->run('')
#13 C:\xampp\htdocs\mads\yii\framework\web\CWebApplication.php(141): CWebApplication->runController('')
#14 C:\xampp\htdocs\mads\yii\framework\base\CApplication.php(180): CWebApplication->processRequest()
#15 C:\xampp\htdocs\mads\public_html\admin\index.php(14): CApplication->run()
#16 {main}
REQUEST_URI=/admin/
---
2014/02/20 09:35:23 [error] [system.db.CDbCommand] CDbCommand::fetchAll() failed: SQLSTATE[42S02]: Base table or view not found: 1146 Table 'ads_engine_db.user_posts' doesn't exist. The SQL statement executed was: SHOW FULL COLUMNS FROM `user_posts`.
in C:\xampp\htdocs\mads\public_html\admin\protected\controllers\SiteController.php (12)
in C:\xampp\htdocs\mads\public_html\admin\index.php (14)
2014/02/20 09:35:23 [error] [exception.CDbException] exception 'CDbException' with message 'The table "user_posts" for active record class "UserPosts" cannot be found in the database.' in C:\xampp\htdocs\mads\yii\framework\db\ar\CActiveRecord.php:2362
Stack trace:
#0 C:\xampp\htdocs\mads\yii\framework\db\ar\CActiveRecord.php(411): CActiveRecordMetaData->__construct(Object(UserPosts))
#1 C:\xampp\htdocs\mads\yii\framework\db\ar\CActiveRecord.php(79): CActiveRecord->getMetaData()
#2 C:\xampp\htdocs\mads\public_html\admin\protected\controllers\SiteController.php(12): CActiveRecord->__construct()
#3 C:\xampp\htdocs\mads\yii\framework\web\actions\CInlineAction.php(49): SiteController->actionIndex()
#4 C:\xampp\htdocs\mads\yii\framework\web\CController.php(308): CInlineAction->runWithParams(Array)
#5 C:\xampp\htdocs\mads\yii\framework\web\filters\CFilterChain.php(133): CController->runAction(Object(CInlineAction))
#6 C:\xampp\htdocs\mads\yii\framework\web\filters\CFilter.php(40): CFilterChain->run()
#7 C:\xampp\htdocs\mads\yii\framework\web\CController.php(1145): CFilter->filter(Object(CFilterChain))
#8 C:\xampp\htdocs\mads\yii\framework\web\filters\CInlineFilter.php(58): CController->filterAccessControl(Object(CFilterChain))
#9 C:\xampp\htdocs\mads\yii\framework\web\filters\CFilterChain.php(130): CInlineFilter->filter(Object(CFilterChain))
#10 C:\xampp\htdocs\mads\yii\framework\web\CController.php(291): CFilterChain->run()
#11 C:\xampp\htdocs\mads\yii\framework\web\CController.php(265): CController->runActionWithFilters(Object(CInlineAction), Array)
#12 C:\xampp\htdocs\mads\yii\framework\web\CWebApplication.php(282): CController->run('')
#13 C:\xampp\htdocs\mads\yii\framework\web\CWebApplication.php(141): CWebApplication->runController('')
#14 C:\xampp\htdocs\mads\yii\framework\base\CApplication.php(180): CWebApplication->processRequest()
#15 C:\xampp\htdocs\mads\public_html\admin\index.php(14): CApplication->run()
#16 {main}
REQUEST_URI=/admin/
---
2014/02/20 09:37:17 [error] [system.db.CDbCommand] CDbCommand::fetchAll() failed: SQLSTATE[42S02]: Base table or view not found: 1146 Table 'ads_engine_db.user_posts' doesn't exist. The SQL statement executed was: SHOW FULL COLUMNS FROM `user_posts`.
in C:\xampp\htdocs\mads\public_html\admin\protected\controllers\SiteController.php (12)
in C:\xampp\htdocs\mads\public_html\admin\index.php (14)
2014/02/20 09:37:17 [error] [exception.CDbException] exception 'CDbException' with message 'The table "user_posts" for active record class "UserPosts" cannot be found in the database.' in C:\xampp\htdocs\mads\yii\framework\db\ar\CActiveRecord.php:2362
Stack trace:
#0 C:\xampp\htdocs\mads\yii\framework\db\ar\CActiveRecord.php(411): CActiveRecordMetaData->__construct(Object(UserPosts))
#1 C:\xampp\htdocs\mads\yii\framework\db\ar\CActiveRecord.php(79): CActiveRecord->getMetaData()
#2 C:\xampp\htdocs\mads\public_html\admin\protected\controllers\SiteController.php(12): CActiveRecord->__construct()
#3 C:\xampp\htdocs\mads\yii\framework\web\actions\CInlineAction.php(49): SiteController->actionIndex()
#4 C:\xampp\htdocs\mads\yii\framework\web\CController.php(308): CInlineAction->runWithParams(Array)
#5 C:\xampp\htdocs\mads\yii\framework\web\filters\CFilterChain.php(133): CController->runAction(Object(CInlineAction))
#6 C:\xampp\htdocs\mads\yii\framework\web\filters\CFilter.php(40): CFilterChain->run()
#7 C:\xampp\htdocs\mads\yii\framework\web\CController.php(1145): CFilter->filter(Object(CFilterChain))
#8 C:\xampp\htdocs\mads\yii\framework\web\filters\CInlineFilter.php(58): CController->filterAccessControl(Object(CFilterChain))
#9 C:\xampp\htdocs\mads\yii\framework\web\filters\CFilterChain.php(130): CInlineFilter->filter(Object(CFilterChain))
#10 C:\xampp\htdocs\mads\yii\framework\web\CController.php(291): CFilterChain->run()
#11 C:\xampp\htdocs\mads\yii\framework\web\CController.php(265): CController->runActionWithFilters(Object(CInlineAction), Array)
#12 C:\xampp\htdocs\mads\yii\framework\web\CWebApplication.php(282): CController->run('')
#13 C:\xampp\htdocs\mads\yii\framework\web\CWebApplication.php(141): CWebApplication->runController('')
#14 C:\xampp\htdocs\mads\yii\framework\base\CApplication.php(180): CWebApplication->processRequest()
#15 C:\xampp\htdocs\mads\public_html\admin\index.php(14): CApplication->run()
#16 {main}
REQUEST_URI=/admin/
---
2014/02/20 09:40:56 [error] [system.db.CDbCommand] CDbCommand::fetchAll() failed: SQLSTATE[42S02]: Base table or view not found: 1146 Table 'ads_engine_db.user_posts' doesn't exist. The SQL statement executed was: SHOW FULL COLUMNS FROM `user_posts`.
in C:\xampp\htdocs\mads\public_html\admin\protected\controllers\SiteController.php (12)
in C:\xampp\htdocs\mads\public_html\admin\index.php (14)
2014/02/20 09:40:56 [error] [exception.CDbException] exception 'CDbException' with message 'The table "user_posts" for active record class "UserPosts" cannot be found in the database.' in C:\xampp\htdocs\mads\yii\framework\db\ar\CActiveRecord.php:2362
Stack trace:
#0 C:\xampp\htdocs\mads\yii\framework\db\ar\CActiveRecord.php(411): CActiveRecordMetaData->__construct(Object(UserPosts))
#1 C:\xampp\htdocs\mads\yii\framework\db\ar\CActiveRecord.php(79): CActiveRecord->getMetaData()
#2 C:\xampp\htdocs\mads\public_html\admin\protected\controllers\SiteController.php(12): CActiveRecord->__construct()
#3 C:\xampp\htdocs\mads\yii\framework\web\actions\CInlineAction.php(49): SiteController->actionIndex()
#4 C:\xampp\htdocs\mads\yii\framework\web\CController.php(308): CInlineAction->runWithParams(Array)
#5 C:\xampp\htdocs\mads\yii\framework\web\filters\CFilterChain.php(133): CController->runAction(Object(CInlineAction))
#6 C:\xampp\htdocs\mads\yii\framework\web\filters\CFilter.php(40): CFilterChain->run()
#7 C:\xampp\htdocs\mads\yii\framework\web\CController.php(1145): CFilter->filter(Object(CFilterChain))
#8 C:\xampp\htdocs\mads\yii\framework\web\filters\CInlineFilter.php(58): CController->filterAccessControl(Object(CFilterChain))
#9 C:\xampp\htdocs\mads\yii\framework\web\filters\CFilterChain.php(130): CInlineFilter->filter(Object(CFilterChain))
#10 C:\xampp\htdocs\mads\yii\framework\web\CController.php(291): CFilterChain->run()
#11 C:\xampp\htdocs\mads\yii\framework\web\CController.php(265): CController->runActionWithFilters(Object(CInlineAction), Array)
#12 C:\xampp\htdocs\mads\yii\framework\web\CWebApplication.php(282): CController->run('')
#13 C:\xampp\htdocs\mads\yii\framework\web\CWebApplication.php(141): CWebApplication->runController('')
#14 C:\xampp\htdocs\mads\yii\framework\base\CApplication.php(180): CWebApplication->processRequest()
#15 C:\xampp\htdocs\mads\public_html\admin\index.php(14): CApplication->run()
#16 {main}
REQUEST_URI=/admin/
---
2014/02/20 09:41:22 [error] [system.db.CDbCommand] CDbCommand::fetchAll() failed: SQLSTATE[42S02]: Base table or view not found: 1146 Table 'ads_engine_db.user_posts' doesn't exist. The SQL statement executed was: SHOW FULL COLUMNS FROM `user_posts`.
in C:\xampp\htdocs\mads\public_html\admin\protected\controllers\SiteController.php (12)
in C:\xampp\htdocs\mads\public_html\admin\index.php (14)
2014/02/20 09:41:22 [error] [exception.CDbException] exception 'CDbException' with message 'The table "user_posts" for active record class "UserPosts" cannot be found in the database.' in C:\xampp\htdocs\mads\yii\framework\db\ar\CActiveRecord.php:2362
Stack trace:
#0 C:\xampp\htdocs\mads\yii\framework\db\ar\CActiveRecord.php(411): CActiveRecordMetaData->__construct(Object(UserPosts))
#1 C:\xampp\htdocs\mads\yii\framework\db\ar\CActiveRecord.php(79): CActiveRecord->getMetaData()
#2 C:\xampp\htdocs\mads\public_html\admin\protected\controllers\SiteController.php(12): CActiveRecord->__construct()
#3 C:\xampp\htdocs\mads\yii\framework\web\actions\CInlineAction.php(49): SiteController->actionIndex()
#4 C:\xampp\htdocs\mads\yii\framework\web\CController.php(308): CInlineAction->runWithParams(Array)
#5 C:\xampp\htdocs\mads\yii\framework\web\filters\CFilterChain.php(133): CController->runAction(Object(CInlineAction))
#6 C:\xampp\htdocs\mads\yii\framework\web\filters\CFilter.php(40): CFilterChain->run()
#7 C:\xampp\htdocs\mads\yii\framework\web\CController.php(1145): CFilter->filter(Object(CFilterChain))
#8 C:\xampp\htdocs\mads\yii\framework\web\filters\CInlineFilter.php(58): CController->filterAccessControl(Object(CFilterChain))
#9 C:\xampp\htdocs\mads\yii\framework\web\filters\CFilterChain.php(130): CInlineFilter->filter(Object(CFilterChain))
#10 C:\xampp\htdocs\mads\yii\framework\web\CController.php(291): CFilterChain->run()
#11 C:\xampp\htdocs\mads\yii\framework\web\CController.php(265): CController->runActionWithFilters(Object(CInlineAction), Array)
#12 C:\xampp\htdocs\mads\yii\framework\web\CWebApplication.php(282): CController->run('')
#13 C:\xampp\htdocs\mads\yii\framework\web\CWebApplication.php(141): CWebApplication->runController('')
#14 C:\xampp\htdocs\mads\yii\framework\base\CApplication.php(180): CWebApplication->processRequest()
#15 C:\xampp\htdocs\mads\public_html\admin\index.php(14): CApplication->run()
#16 {main}
REQUEST_URI=/admin/
---
2014/02/20 09:42:31 [error] [system.db.CDbCommand] CDbCommand::fetchAll() failed: SQLSTATE[42S02]: Base table or view not found: 1146 Table 'ads_engine_db.user_posts' doesn't exist. The SQL statement executed was: SHOW FULL COLUMNS FROM `user_posts`.
in C:\xampp\htdocs\mads\public_html\admin\protected\controllers\SiteController.php (12)
in C:\xampp\htdocs\mads\public_html\admin\index.php (14)
2014/02/20 09:42:31 [error] [exception.CDbException] exception 'CDbException' with message 'The table "user_posts" for active record class "UserPosts" cannot be found in the database.' in C:\xampp\htdocs\mads\yii\framework\db\ar\CActiveRecord.php:2362
Stack trace:
#0 C:\xampp\htdocs\mads\yii\framework\db\ar\CActiveRecord.php(411): CActiveRecordMetaData->__construct(Object(UserPosts))
#1 C:\xampp\htdocs\mads\yii\framework\db\ar\CActiveRecord.php(79): CActiveRecord->getMetaData()
#2 C:\xampp\htdocs\mads\public_html\admin\protected\controllers\SiteController.php(12): CActiveRecord->__construct()
#3 C:\xampp\htdocs\mads\yii\framework\web\actions\CInlineAction.php(49): SiteController->actionIndex()
#4 C:\xampp\htdocs\mads\yii\framework\web\CController.php(308): CInlineAction->runWithParams(Array)
#5 C:\xampp\htdocs\mads\yii\framework\web\filters\CFilterChain.php(133): CController->runAction(Object(CInlineAction))
#6 C:\xampp\htdocs\mads\yii\framework\web\filters\CFilter.php(40): CFilterChain->run()
#7 C:\xampp\htdocs\mads\yii\framework\web\CController.php(1145): CFilter->filter(Object(CFilterChain))
#8 C:\xampp\htdocs\mads\yii\framework\web\filters\CInlineFilter.php(58): CController->filterAccessControl(Object(CFilterChain))
#9 C:\xampp\htdocs\mads\yii\framework\web\filters\CFilterChain.php(130): CInlineFilter->filter(Object(CFilterChain))
#10 C:\xampp\htdocs\mads\yii\framework\web\CController.php(291): CFilterChain->run()
#11 C:\xampp\htdocs\mads\yii\framework\web\CController.php(265): CController->runActionWithFilters(Object(CInlineAction), Array)
#12 C:\xampp\htdocs\mads\yii\framework\web\CWebApplication.php(282): CController->run('')
#13 C:\xampp\htdocs\mads\yii\framework\web\CWebApplication.php(141): CWebApplication->runController('')
#14 C:\xampp\htdocs\mads\yii\framework\base\CApplication.php(180): CWebApplication->processRequest()
#15 C:\xampp\htdocs\mads\public_html\admin\index.php(14): CApplication->run()
#16 {main}
REQUEST_URI=/admin/
---
2014/02/20 09:43:16 [error] [system.db.CDbCommand] CDbCommand::fetchAll() failed: SQLSTATE[42S02]: Base table or view not found: 1146 Table 'ads_engine_db.user_posts' doesn't exist. The SQL statement executed was: SHOW FULL COLUMNS FROM `user_posts`.
in C:\xampp\htdocs\mads\public_html\admin\protected\controllers\SiteController.php (12)
in C:\xampp\htdocs\mads\public_html\admin\index.php (14)
2014/02/20 09:43:16 [error] [exception.CDbException] exception 'CDbException' with message 'The table "user_posts" for active record class "UserPosts" cannot be found in the database.' in C:\xampp\htdocs\mads\yii\framework\db\ar\CActiveRecord.php:2362
Stack trace:
#0 C:\xampp\htdocs\mads\yii\framework\db\ar\CActiveRecord.php(411): CActiveRecordMetaData->__construct(Object(UserPosts))
#1 C:\xampp\htdocs\mads\yii\framework\db\ar\CActiveRecord.php(79): CActiveRecord->getMetaData()
#2 C:\xampp\htdocs\mads\public_html\admin\protected\controllers\SiteController.php(12): CActiveRecord->__construct()
#3 C:\xampp\htdocs\mads\yii\framework\web\actions\CInlineAction.php(49): SiteController->actionIndex()
#4 C:\xampp\htdocs\mads\yii\framework\web\CController.php(308): CInlineAction->runWithParams(Array)
#5 C:\xampp\htdocs\mads\yii\framework\web\filters\CFilterChain.php(133): CController->runAction(Object(CInlineAction))
#6 C:\xampp\htdocs\mads\yii\framework\web\filters\CFilter.php(40): CFilterChain->run()
#7 C:\xampp\htdocs\mads\yii\framework\web\CController.php(1145): CFilter->filter(Object(CFilterChain))
#8 C:\xampp\htdocs\mads\yii\framework\web\filters\CInlineFilter.php(58): CController->filterAccessControl(Object(CFilterChain))
#9 C:\xampp\htdocs\mads\yii\framework\web\filters\CFilterChain.php(130): CInlineFilter->filter(Object(CFilterChain))
#10 C:\xampp\htdocs\mads\yii\framework\web\CController.php(291): CFilterChain->run()
#11 C:\xampp\htdocs\mads\yii\framework\web\CController.php(265): CController->runActionWithFilters(Object(CInlineAction), Array)
#12 C:\xampp\htdocs\mads\yii\framework\web\CWebApplication.php(282): CController->run('')
#13 C:\xampp\htdocs\mads\yii\framework\web\CWebApplication.php(141): CWebApplication->runController('')
#14 C:\xampp\htdocs\mads\yii\framework\base\CApplication.php(180): CWebApplication->processRequest()
#15 C:\xampp\htdocs\mads\public_html\admin\index.php(14): CApplication->run()
#16 {main}
REQUEST_URI=/admin/
---
2014/02/20 11:18:42 [error] [exception.CDbException] exception 'CDbException' with message 'CDbConnection failed to open the DB connection: SQLSTATE[HY000] [1049] Unknown database 'ads_engine_db (1)'' in C:\xampp\htdocs\mads\yii\framework\db\CDbConnection.php:382
Stack trace:
#0 C:\xampp\htdocs\mads\yii\framework\db\CDbConnection.php(330): CDbConnection->open()
#1 C:\xampp\htdocs\mads\yii\framework\db\CDbConnection.php(308): CDbConnection->setActive(true)
#2 C:\xampp\htdocs\mads\yii\framework\base\CModule.php(387): CDbConnection->init()
#3 C:\xampp\htdocs\mads\yii\framework\base\CApplication.php(450): CModule->getComponent('db')
#4 C:\xampp\htdocs\mads\yii\framework\db\ar\CActiveRecord.php(634): CApplication->getDb()
#5 C:\xampp\htdocs\mads\yii\framework\db\ar\CActiveRecord.php(1428): CActiveRecord->getDbConnection()
#6 C:\xampp\htdocs\mads\yii\framework\db\ar\CActiveRecord.php(1517): CActiveRecord->getTableAlias(true)
#7 C:\xampp\htdocs\mads\public_html\protected\components\common\UserIdentity.php(23): CActiveRecord->findByAttributes(Array)
#8 C:\xampp\htdocs\mads\public_html\protected\models\LoginForm.php(52): UserIdentity->authenticate()
#9 C:\xampp\htdocs\mads\yii\framework\validators\CInlineValidator.php(42): LoginForm->authenticate('password', Array)
#10 C:\xampp\htdocs\mads\yii\framework\validators\CValidator.php(213): CInlineValidator->validateAttribute(Object(LoginForm), 'password')
#11 C:\xampp\htdocs\mads\yii\framework\base\CModel.php(159): CValidator->validate(Object(LoginForm), NULL)
#12 C:\xampp\htdocs\mads\public_html\protected\controllers\SiteController.php(88): CModel->validate()
#13 C:\xampp\htdocs\mads\yii\framework\web\actions\CInlineAction.php(49): SiteController->actionLogin()
#14 C:\xampp\htdocs\mads\yii\framework\web\CController.php(308): CInlineAction->runWithParams(Array)
#15 C:\xampp\htdocs\mads\yii\framework\web\CController.php(286): CController->runAction(Object(CInlineAction))
#16 C:\xampp\htdocs\mads\yii\framework\web\CController.php(265): CController->runActionWithFilters(Object(CInlineAction), Array)
#17 C:\xampp\htdocs\mads\yii\framework\web\CWebApplication.php(282): CController->run('login')
#18 C:\xampp\htdocs\mads\yii\framework\web\CWebApplication.php(141): CWebApplication->runController('site/login')
#19 C:\xampp\htdocs\mads\yii\framework\base\CApplication.php(180): CWebApplication->processRequest()
#20 C:\xampp\htdocs\mads\public_html\index.php(13): CApplication->run()
#21 {main}
REQUEST_URI=/index.php?r=site/login
HTTP_REFERER=http://dev.mads.co.in/index.php?r=site/login
---
2014/02/20 12:17:47 [error] [exception.CException] exception 'CException' with message 'LoginController cannot find the requested view "login".' in C:\xampp\htdocs\mads\yii\framework\web\CController.php:878
Stack trace:
#0 C:\xampp\htdocs\mads\yii\framework\web\CController.php(782): CController->renderPartial('login', Array, true)
#1 C:\xampp\htdocs\mads\public_html\protected\controllers\LoginController.php(56): CController->render('login', Array)
#2 C:\xampp\htdocs\mads\yii\framework\web\actions\CInlineAction.php(49): LoginController->actionIndex()
#3 C:\xampp\htdocs\mads\yii\framework\web\CController.php(308): CInlineAction->runWithParams(Array)
#4 C:\xampp\htdocs\mads\yii\framework\web\CController.php(286): CController->runAction(Object(CInlineAction))
#5 C:\xampp\htdocs\mads\yii\framework\web\CController.php(265): CController->runActionWithFilters(Object(CInlineAction), Array)
#6 C:\xampp\htdocs\mads\yii\framework\web\CWebApplication.php(282): CController->run('index')
#7 C:\xampp\htdocs\mads\yii\framework\web\CWebApplication.php(141): CWebApplication->runController('login/index')
#8 C:\xampp\htdocs\mads\yii\framework\base\CApplication.php(180): CWebApplication->processRequest()
#9 C:\xampp\htdocs\mads\public_html\index.php(13): CApplication->run()
#10 {main}
REQUEST_URI=/index.php?r=login/index
---
2014/02/21 10:11:56 [error] [exception.CHttpException.404] exception 'CHttpException' with message 'Unable to resolve the request "admin".' in C:\xampp\htdocs\mads\yii\framework\web\CWebApplication.php:286
Stack trace:
#0 C:\xampp\htdocs\mads\yii\framework\web\CWebApplication.php(141): CWebApplication->runController('admin')
#1 C:\xampp\htdocs\mads\yii\framework\base\CApplication.php(180): CWebApplication->processRequest()
#2 C:\xampp\htdocs\mads\public_html\index.php(13): CApplication->run()
#3 {main}
REQUEST_URI=/index.php?r=admin
---
